[debug] ----------------------------------------------------------------------
[debug] Command:      /usr/local/bin/node /usr/local/bin/firebase deploy
[debug] CLI Version:  3.0.8
[debug] Platform:     darwin
[debug] Node Version: v4.5.0
[debug] Time:         Fri Nov 18 2016 22:04:36 GMT-0600 (CST)
[debug] ----------------------------------------------------------------------
[debug] 
[debug] > command requires scopes: ["email","openid","https://www.googleapis.com/auth/cloudplatformprojects.readonly","https://www.googleapis.com/auth/firebase"]
[debug] > refreshing access token with scopes: ["email","https://www.googleapis.com/auth/cloudplatformprojects.readonly","https://www.googleapis.com/auth/firebase","openid"]
[debug] >>> HTTP REQUEST POST https://www.googleapis.com/oauth2/v3/token
[debug] <<< HTTP RESPONSE 200
[debug] >>> HTTP REQUEST GET https://admin.firebase.com/v1/projects/culturalystmvp-5860f 
[debug] <<< HTTP RESPONSE 200
[debug] >>> HTTP REQUEST GET https://admin.firebase.com/v1/database/culturalystmvp-5860f/tokens 
[debug] <<< HTTP RESPONSE 200
[info] 
[info] === Deploying to 'culturalystmvp-5860f'...
[info] 
[info] i  deploying database, hosting
[info] ✔  database: rules ready to deploy.
[info] i  hosting: preparing app directory for upload...
[debug] >>> HTTP REQUEST PUT https://deploy.firebase.com/v1/hosting/culturalystmvp-5860f/uploads/-KWukTvDvIBPfcEBDtB7?fileCount=1116&message= 
[debug] Error: write EPIPE
    at exports._errnoException (util.js:907:11)
    at WriteWrap.afterWrite (net.js:785:14)
[error] 
[error] Error: Server Error. write EPIPE
[debug] ----------------------------------------------------------------------
[debug] Command:      /usr/local/bin/node /usr/local/bin/firebase deploy
[debug] CLI Version:  3.0.8
[debug] Platform:     darwin
[debug] Node Version: v4.5.0
[debug] Time:         Thu Dec 08 2016 23:38:42 GMT-0600 (CST)
[debug] ----------------------------------------------------------------------
[debug] 
[debug] > command requires scopes: ["email","openid","https://www.googleapis.com/auth/cloudplatformprojects.readonly","https://www.googleapis.com/auth/firebase"]
[debug] > refreshing access token with scopes: ["email","https://www.googleapis.com/auth/cloudplatformprojects.readonly","https://www.googleapis.com/auth/firebase","openid"]
[debug] >>> HTTP REQUEST POST https://www.googleapis.com/oauth2/v3/token
[debug] <<< HTTP RESPONSE 200
[debug] >>> HTTP REQUEST GET https://admin.firebase.com/v1/projects/culturalystmvp-5860f 
[debug] <<< HTTP RESPONSE 200
[debug] >>> HTTP REQUEST GET https://admin.firebase.com/v1/database/culturalystmvp-5860f/tokens 
[debug] <<< HTTP RESPONSE 200
[info] 
[info] === Deploying to 'culturalystmvp-5860f'...
[info] 
[info] i  deploying database, hosting
[info] ✔  database: rules ready to deploy.
[info] i  hosting: preparing app directory for upload...
[debug] >>> HTTP REQUEST PUT https://deploy.firebase.com/v1/hosting/culturalystmvp-5860f/uploads/-KYX4pJ-g2yunTU1sPvt?fileCount=1116&message= 
[debug] Error: write EPIPE
    at exports._errnoException (util.js:907:11)
    at WriteWrap.afterWrite (net.js:785:14)
[error] 
[error] Error: Server Error. write EPIPE
